<?xml version="1.0" encoding="UTF-8"?>
<!-- Generated by org.testng.reporters.JUnitXMLReporter -->
<testsuite hostname="NAHESATS49MXFK3" ignored="0" name="Test" tests="13" failures="1" timestamp="16 Mar 2022 17:42:02 GMT" time="52.286" errors="0">
  <testcase name="move_mapPin_A" time="2.9" classname="testcases.GoogleMap_Test"/>
  <testcase name="move_mapPin_A_twice" time="2.437" classname="testcases.GoogleMap_Test"/>
  <testcase name="move_mapPin_A_multi" time="8.135" classname="testcases.GoogleMap_Test"/>
  <testcase name="move_mapPin_B" time="2.152" classname="testcases.GoogleMap_Test"/>
  <testcase name="move_mapPin_B_twice" time="2.76" classname="testcases.GoogleMap_Test"/>
  <testcase name="move_mapPin_C" time="3.074" classname="testcases.GoogleMap_Test"/>
  <testcase name="move_mapPin_D" time="3.177" classname="testcases.GoogleMap_Test"/>
  <testcase name="move_mapPin_B" time="2.999" classname="testcases.GoogleMap_TestB"/>
  <testcase name="move_mapPin_B_twice" time="2.193" classname="testcases.GoogleMap_TestB"/>
  <testcase name="move_mapPin_C" time="1.2" classname="testcases.GoogleMap_TestB">
    <skipped/>
  </testcase> <!-- move_mapPin_C -->
  <testcase name="move_mapPin_C" time="1.197" classname="testcases.GoogleMap_TestB">
    <failure type="org.openqa.selenium.interactions.MoveTargetOutOfBoundsException" message="move target out of bounds
  (Session info: chrome=98.0.4758.82)
Build info: version: &amp;apos;3.141.59&amp;apos;, revision: &amp;apos;e82be7d358&amp;apos;, time: &amp;apos;2018-11-14T08:17:03&amp;apos;
System info: host: &amp;apos;NAHESATS49MXFK3&amp;apos;, ip: &amp;apos;10.3.207.25&amp;apos;, os.name: &amp;apos;Windows 10&amp;apos;, os.arch: &amp;apos;amd64&amp;apos;, os.version: &amp;apos;10.0&amp;apos;, java.version: &amp;apos;1.8.0_321&amp;apos;
Driver info: org.openqa.selenium.chrome.ChromeDriver
Capabilities {acceptInsecureCerts: false, browserName: chrome, browserVersion: 98.0.4758.82, chrome: {chromedriverVersion: 98.0.4758.80 (7f0488e8ba0d8..., userDataDir: C:\Users\zy11618\AppData\Lo...}, goog:chromeOptions: {debuggerAddress: localhost:50719}, javascriptEnabled: true, networkConnectionEnabled: false, pageLoadStrategy: normal, platform: WINDOWS, platformName: WINDOWS, proxy: Proxy(), setWindowRect: true, strictFileInteractability: false, timeouts: {implicit: 0, pageLoad: 300000, script: 30000}, unhandledPromptBehavior: dismiss and notify, webauthn:extension:credBlob: true, webauthn:extension:largeBlob: true, webauthn:virtualAuthenticators: true}
Session ID: 59dcfd89fdaec7cb2d0f32cb4add600c">
      <![CDATA[org.openqa.selenium.interactions.MoveTargetOutOfBoundsException: move target out of bounds
  (Session info: chrome=98.0.4758.82)
Build info: version: '3.141.59', revision: 'e82be7d358', time: '2018-11-14T08:17:03'
System info: host: 'NAHESATS49MXFK3', ip: '10.3.207.25', os.name: 'Windows 10', os.arch: 'amd64', os.version: '10.0', java.version: '1.8.0_321'
Driver info: org.openqa.selenium.chrome.ChromeDriver
Capabilities {acceptInsecureCerts: false, browserName: chrome, browserVersion: 98.0.4758.82, chrome: {chromedriverVersion: 98.0.4758.80 (7f0488e8ba0d8..., userDataDir: C:\Users\zy11618\AppData\Lo...}, goog:chromeOptions: {debuggerAddress: localhost:50719}, javascriptEnabled: true, networkConnectionEnabled: false, pageLoadStrategy: normal, platform: WINDOWS, platformName: WINDOWS, proxy: Proxy(), setWindowRect: true, strictFileInteractability: false, timeouts: {implicit: 0, pageLoad: 300000, script: 30000}, unhandledPromptBehavior: dismiss and notify, webauthn:extension:credBlob: true, webauthn:extension:largeBlob: true, webauthn:virtualAuthenticators: true}
Session ID: 59dcfd89fdaec7cb2d0f32cb4add600c
at org.openqa.selenium.remote.http.W3CHttpResponseCodec.createException(W3CHttpResponseCodec.java:187)
at org.openqa.selenium.remote.http.W3CHttpResponseCodec.decode(W3CHttpResponseCodec.java:122)
at org.openqa.selenium.remote.http.W3CHttpResponseCodec.decode(W3CHttpResponseCodec.java:49)
at org.openqa.selenium.remote.HttpCommandExecutor.execute(HttpCommandExecutor.java:158)
at org.openqa.selenium.remote.service.DriverCommandExecutor.execute(DriverCommandExecutor.java:83)
at org.openqa.selenium.remote.RemoteWebDriver.execute(RemoteWebDriver.java:552)
at org.openqa.selenium.remote.RemoteWebDriver.perform(RemoteWebDriver.java:618)
at org.openqa.selenium.interactions.Actions$BuiltAction.perform(Actions.java:639)
at pages.GoogleMap.dragAndDrop_C(GoogleMap.java:190)
at testcases.GoogleMap_TestB.move_mapPin_C(GoogleMap_TestB.java:73)
... Removed 29 stack frames]]>
    </failure>
  </testcase> <!-- move_mapPin_C -->
  <testcase name="move_mapPin_B_third" time="2.233" classname="testcases.GoogleMap_TestB"/>
  <testcase name="move_mapPin_C_twice" time="3.201" classname="testcases.GoogleMap_TestB"/>
</testsuite> <!-- Test -->
