<?xml version="1.0" encoding="UTF-8"?>
<testng-results skipped="1" failed="1" ignored="0" total="13" passed="11">
  <reporter-output>
  </reporter-output>
  <suite name="Suite" duration-ms="52286" started-at="2022-03-16T17:41:10Z" finished-at="2022-03-16T17:42:02Z">
    <groups>
    </groups>
    <test name="Test" duration-ms="52286" started-at="2022-03-16T17:41:10Z" finished-at="2022-03-16T17:42:02Z">
      <class name="testcases.GoogleMap_TestB">
        <test-method status="PASS" signature="setupBrowser()[pri:0, instance:testcases.GoogleMap_TestB@6737fd8f]" name="setupBrowser" is-config="true" duration-ms="3563" started-at="2022-03-16T17:41:43Z" finished-at="2022-03-16T17:41:47Z">
          <reporter-output>
          </reporter-output>
        </test-method> <!-- setupBrowser -->
        <test-method status="PASS" signature="move_mapPin_B()[pri:7, instance:testcases.GoogleMap_TestB@6737fd8f]" name="move_mapPin_B" duration-ms="2999" started-at="2022-03-16T17:41:47Z" description="move the map pin B" finished-at="2022-03-16T17:41:50Z">
          <reporter-output>
          </reporter-output>
        </test-method> <!-- move_mapPin_B -->
        <test-method status="PASS" signature="appendReport(org.testng.ITestResult)[pri:0, instance:testcases.GoogleMap_TestB@6737fd8f]" name="appendReport" is-config="true" duration-ms="355" started-at="2022-03-16T17:41:50Z" finished-at="2022-03-16T17:41:50Z">
          <params>
            <param index="0">
              <value>
                <![CDATA[[TestResult name=move_mapPin_B status=SUCCESS method=GoogleMap_TestB.move_mapPin_B()[pri:7, instance:testcases.GoogleMap_TestB@6737fd8f] output={null}]]]>
              </value>
            </param>
          </params>
          <reporter-output>
          </reporter-output>
        </test-method> <!-- appendReport -->
        <test-method status="PASS" signature="move_mapPin_B_twice()[pri:8, instance:testcases.GoogleMap_TestB@6737fd8f]" name="move_mapPin_B_twice" duration-ms="2193" started-at="2022-03-16T17:41:50Z" description="move the map pin B 2nd time" finished-at="2022-03-16T17:41:52Z">
          <reporter-output>
          </reporter-output>
        </test-method> <!-- move_mapPin_B_twice -->
        <test-method status="PASS" signature="appendReport(org.testng.ITestResult)[pri:0, instance:testcases.GoogleMap_TestB@6737fd8f]" name="appendReport" is-config="true" duration-ms="373" started-at="2022-03-16T17:41:52Z" finished-at="2022-03-16T17:41:53Z">
          <params>
            <param index="0">
              <value>
                <![CDATA[[TestResult name=move_mapPin_B_twice status=SUCCESS method=GoogleMap_TestB.move_mapPin_B_twice()[pri:8, instance:testcases.GoogleMap_TestB@6737fd8f] output={null}]]]>
              </value>
            </param>
          </params>
          <reporter-output>
          </reporter-output>
        </test-method> <!-- appendReport -->
        <test-method status="SKIP" signature="move_mapPin_C()[pri:9, instance:testcases.GoogleMap_TestB@6737fd8f]" name="move_mapPin_C" duration-ms="1200" started-at="2022-03-16T17:41:53Z" description="move the map pin C" finished-at="2022-03-16T17:41:54Z">
          <exception class="org.openqa.selenium.interactions.MoveTargetOutOfBoundsException">
            <message>
              <![CDATA[move target out of bounds
  (Session info: chrome=98.0.4758.82)
Build info: version: '3.141.59', revision: 'e82be7d358', time: '2018-11-14T08:17:03'
System info: host: 'NAHESATS49MXFK3', ip: '10.3.207.25', os.name: 'Windows 10', os.arch: 'amd64', os.version: '10.0', java.version: '1.8.0_321'
Driver info: org.openqa.selenium.chrome.ChromeDriver
Capabilities {acceptInsecureCerts: false, browserName: chrome, browserVersion: 98.0.4758.82, chrome: {chromedriverVersion: 98.0.4758.80 (7f0488e8ba0d8..., userDataDir: C:\Users\zy11618\AppData\Lo...}, goog:chromeOptions: {debuggerAddress: localhost:50719}, javascriptEnabled: true, networkConnectionEnabled: false, pageLoadStrategy: normal, platform: WINDOWS, platformName: WINDOWS, proxy: Proxy(), setWindowRect: true, strictFileInteractability: false, timeouts: {implicit: 0, pageLoad: 300000, script: 30000}, unhandledPromptBehavior: dismiss and notify, webauthn:extension:credBlob: true, webauthn:extension:largeBlob: true, webauthn:virtualAuthenticators: true}
Session ID: 59dcfd89fdaec7cb2d0f32cb4add600c]]>
            </message>
            <full-stacktrace>
              <![CDATA[org.openqa.selenium.interactions.MoveTargetOutOfBoundsException: move target out of bounds
  (Session info: chrome=98.0.4758.82)
Build info: version: '3.141.59', revision: 'e82be7d358', time: '2018-11-14T08:17:03'
System info: host: 'NAHESATS49MXFK3', ip: '10.3.207.25', os.name: 'Windows 10', os.arch: 'amd64', os.version: '10.0', java.version: '1.8.0_321'
Driver info: org.openqa.selenium.chrome.ChromeDriver
Capabilities {acceptInsecureCerts: false, browserName: chrome, browserVersion: 98.0.4758.82, chrome: {chromedriverVersion: 98.0.4758.80 (7f0488e8ba0d8..., userDataDir: C:\Users\zy11618\AppData\Lo...}, goog:chromeOptions: {debuggerAddress: localhost:50719}, javascriptEnabled: true, networkConnectionEnabled: false, pageLoadStrategy: normal, platform: WINDOWS, platformName: WINDOWS, proxy: Proxy(), setWindowRect: true, strictFileInteractability: false, timeouts: {implicit: 0, pageLoad: 300000, script: 30000}, unhandledPromptBehavior: dismiss and notify, webauthn:extension:credBlob: true, webauthn:extension:largeBlob: true, webauthn:virtualAuthenticators: true}
Session ID: 59dcfd89fdaec7cb2d0f32cb4add600c
at sun.reflect.NativeConstructorAccessorImpl.newInstance0(Native Method)
at sun.reflect.NativeConstructorAccessorImpl.newInstance(Unknown Source)
at sun.reflect.DelegatingConstructorAccessorImpl.newInstance(Unknown Source)
at java.lang.reflect.Constructor.newInstance(Unknown Source)
at org.openqa.selenium.remote.http.W3CHttpResponseCodec.createException(W3CHttpResponseCodec.java:187)
at org.openqa.selenium.remote.http.W3CHttpResponseCodec.decode(W3CHttpResponseCodec.java:122)
at org.openqa.selenium.remote.http.W3CHttpResponseCodec.decode(W3CHttpResponseCodec.java:49)
at org.openqa.selenium.remote.HttpCommandExecutor.execute(HttpCommandExecutor.java:158)
at org.openqa.selenium.remote.service.DriverCommandExecutor.execute(DriverCommandExecutor.java:83)
at org.openqa.selenium.remote.RemoteWebDriver.execute(RemoteWebDriver.java:552)
at org.openqa.selenium.remote.RemoteWebDriver.perform(RemoteWebDriver.java:618)
at org.openqa.selenium.interactions.Actions$BuiltAction.perform(Actions.java:639)
at pages.GoogleMap.dragAndDrop_C(GoogleMap.java:190)
at testcases.GoogleMap_TestB.move_mapPin_C(GoogleMap_TestB.java:73)
at sun.reflect.NativeMethodAccessorImpl.invoke0(Native Method)
at sun.reflect.NativeMethodAccessorImpl.invoke(Unknown Source)
at sun.reflect.DelegatingMethodAccessorImpl.invoke(Unknown Source)
at java.lang.reflect.Method.invoke(Unknown Source)
at org.testng.internal.MethodInvocationHelper.invokeMethod(MethodInvocationHelper.java:124)
at org.testng.internal.Invoker.invokeMethod(Invoker.java:583)
at org.testng.internal.Invoker.invokeTestMethod(Invoker.java:719)
at org.testng.internal.Invoker.invokeTestMethods(Invoker.java:989)
at org.testng.internal.TestMethodWorker.invokeTestMethods(TestMethodWorker.java:125)
at org.testng.internal.TestMethodWorker.run(TestMethodWorker.java:109)
at org.testng.TestRunner.privateRun(TestRunner.java:648)
at org.testng.TestRunner.run(TestRunner.java:505)
at org.testng.SuiteRunner.runTest(SuiteRunner.java:455)
at org.testng.SuiteRunner.runSequentially(SuiteRunner.java:450)
at org.testng.SuiteRunner.privateRun(SuiteRunner.java:415)
at org.testng.SuiteRunner.run(SuiteRunner.java:364)
at org.testng.SuiteRunnerWorker.runSuite(SuiteRunnerWorker.java:52)
at org.testng.SuiteRunnerWorker.run(SuiteRunnerWorker.java:84)
at org.testng.TestNG.runSuitesSequentially(TestNG.java:1208)
at org.testng.TestNG.runSuitesLocally(TestNG.java:1137)
at org.testng.TestNG.runSuites(TestNG.java:1049)
at org.testng.TestNG.run(TestNG.java:1017)
at org.testng.remote.AbstractRemoteTestNG.run(AbstractRemoteTestNG.java:114)
at org.testng.remote.RemoteTestNG.initAndRun(RemoteTestNG.java:251)
at org.testng.remote.RemoteTestNG.main(RemoteTestNG.java:77)
]]>
            </full-stacktrace>
          </exception> <!-- org.openqa.selenium.interactions.MoveTargetOutOfBoundsException -->
          <reporter-output>
          </reporter-output>
        </test-method> <!-- move_mapPin_C -->
        <test-method status="PASS" signature="appendReport(org.testng.ITestResult)[pri:0, instance:testcases.GoogleMap_TestB@6737fd8f]" name="appendReport" is-config="true" duration-ms="8" started-at="2022-03-16T17:41:54Z" finished-at="2022-03-16T17:41:54Z">
          <params>
            <param index="0">
              <value>
                <![CDATA[[TestResult name=move_mapPin_C status=SKIP method=GoogleMap_TestB.move_mapPin_C()[pri:9, instance:testcases.GoogleMap_TestB@6737fd8f] output={null}]]]>
              </value>
            </param>
          </params>
          <reporter-output>
          </reporter-output>
        </test-method> <!-- appendReport -->
        <test-method status="FAIL" signature="move_mapPin_C()[pri:9, instance:testcases.GoogleMap_TestB@6737fd8f]" name="move_mapPin_C" duration-ms="1197" started-at="2022-03-16T17:41:54Z" description="move the map pin C" finished-at="2022-03-16T17:41:55Z">
          <exception class="org.openqa.selenium.interactions.MoveTargetOutOfBoundsException">
            <message>
              <![CDATA[move target out of bounds
  (Session info: chrome=98.0.4758.82)
Build info: version: '3.141.59', revision: 'e82be7d358', time: '2018-11-14T08:17:03'
System info: host: 'NAHESATS49MXFK3', ip: '10.3.207.25', os.name: 'Windows 10', os.arch: 'amd64', os.version: '10.0', java.version: '1.8.0_321'
Driver info: org.openqa.selenium.chrome.ChromeDriver
Capabilities {acceptInsecureCerts: false, browserName: chrome, browserVersion: 98.0.4758.82, chrome: {chromedriverVersion: 98.0.4758.80 (7f0488e8ba0d8..., userDataDir: C:\Users\zy11618\AppData\Lo...}, goog:chromeOptions: {debuggerAddress: localhost:50719}, javascriptEnabled: true, networkConnectionEnabled: false, pageLoadStrategy: normal, platform: WINDOWS, platformName: WINDOWS, proxy: Proxy(), setWindowRect: true, strictFileInteractability: false, timeouts: {implicit: 0, pageLoad: 300000, script: 30000}, unhandledPromptBehavior: dismiss and notify, webauthn:extension:credBlob: true, webauthn:extension:largeBlob: true, webauthn:virtualAuthenticators: true}
Session ID: 59dcfd89fdaec7cb2d0f32cb4add600c]]>
            </message>
            <full-stacktrace>
              <![CDATA[org.openqa.selenium.interactions.MoveTargetOutOfBoundsException: move target out of bounds
  (Session info: chrome=98.0.4758.82)
Build info: version: '3.141.59', revision: 'e82be7d358', time: '2018-11-14T08:17:03'
System info: host: 'NAHESATS49MXFK3', ip: '10.3.207.25', os.name: 'Windows 10', os.arch: 'amd64', os.version: '10.0', java.version: '1.8.0_321'
Driver info: org.openqa.selenium.chrome.ChromeDriver
Capabilities {acceptInsecureCerts: false, browserName: chrome, browserVersion: 98.0.4758.82, chrome: {chromedriverVersion: 98.0.4758.80 (7f0488e8ba0d8..., userDataDir: C:\Users\zy11618\AppData\Lo...}, goog:chromeOptions: {debuggerAddress: localhost:50719}, javascriptEnabled: true, networkConnectionEnabled: false, pageLoadStrategy: normal, platform: WINDOWS, platformName: WINDOWS, proxy: Proxy(), setWindowRect: true, strictFileInteractability: false, timeouts: {implicit: 0, pageLoad: 300000, script: 30000}, unhandledPromptBehavior: dismiss and notify, webauthn:extension:credBlob: true, webauthn:extension:largeBlob: true, webauthn:virtualAuthenticators: true}
Session ID: 59dcfd89fdaec7cb2d0f32cb4add600c
at sun.reflect.NativeConstructorAccessorImpl.newInstance0(Native Method)
at sun.reflect.NativeConstructorAccessorImpl.newInstance(Unknown Source)
at sun.reflect.DelegatingConstructorAccessorImpl.newInstance(Unknown Source)
at java.lang.reflect.Constructor.newInstance(Unknown Source)
at org.openqa.selenium.remote.http.W3CHttpResponseCodec.createException(W3CHttpResponseCodec.java:187)
at org.openqa.selenium.remote.http.W3CHttpResponseCodec.decode(W3CHttpResponseCodec.java:122)
at org.openqa.selenium.remote.http.W3CHttpResponseCodec.decode(W3CHttpResponseCodec.java:49)
at org.openqa.selenium.remote.HttpCommandExecutor.execute(HttpCommandExecutor.java:158)
at org.openqa.selenium.remote.service.DriverCommandExecutor.execute(DriverCommandExecutor.java:83)
at org.openqa.selenium.remote.RemoteWebDriver.execute(RemoteWebDriver.java:552)
at org.openqa.selenium.remote.RemoteWebDriver.perform(RemoteWebDriver.java:618)
at org.openqa.selenium.interactions.Actions$BuiltAction.perform(Actions.java:639)
at pages.GoogleMap.dragAndDrop_C(GoogleMap.java:190)
at testcases.GoogleMap_TestB.move_mapPin_C(GoogleMap_TestB.java:73)
at sun.reflect.NativeMethodAccessorImpl.invoke0(Native Method)
at sun.reflect.NativeMethodAccessorImpl.invoke(Unknown Source)
at sun.reflect.DelegatingMethodAccessorImpl.invoke(Unknown Source)
at java.lang.reflect.Method.invoke(Unknown Source)
at org.testng.internal.MethodInvocationHelper.invokeMethod(MethodInvocationHelper.java:124)
at org.testng.internal.Invoker.invokeMethod(Invoker.java:583)
at org.testng.internal.Invoker.retryFailed(Invoker.java:839)
at org.testng.internal.Invoker.invokeTestMethods(Invoker.java:1010)
at org.testng.internal.TestMethodWorker.invokeTestMethods(TestMethodWorker.java:125)
at org.testng.internal.TestMethodWorker.run(TestMethodWorker.java:109)
at org.testng.TestRunner.privateRun(TestRunner.java:648)
at org.testng.TestRunner.run(TestRunner.java:505)
at org.testng.SuiteRunner.runTest(SuiteRunner.java:455)
at org.testng.SuiteRunner.runSequentially(SuiteRunner.java:450)
at org.testng.SuiteRunner.privateRun(SuiteRunner.java:415)
at org.testng.SuiteRunner.run(SuiteRunner.java:364)
at org.testng.SuiteRunnerWorker.runSuite(SuiteRunnerWorker.java:52)
at org.testng.SuiteRunnerWorker.run(SuiteRunnerWorker.java:84)
at org.testng.TestNG.runSuitesSequentially(TestNG.java:1208)
at org.testng.TestNG.runSuitesLocally(TestNG.java:1137)
at org.testng.TestNG.runSuites(TestNG.java:1049)
at org.testng.TestNG.run(TestNG.java:1017)
at org.testng.remote.AbstractRemoteTestNG.run(AbstractRemoteTestNG.java:114)
at org.testng.remote.RemoteTestNG.initAndRun(RemoteTestNG.java:251)
at org.testng.remote.RemoteTestNG.main(RemoteTestNG.java:77)
]]>
            </full-stacktrace>
          </exception> <!-- org.openqa.selenium.interactions.MoveTargetOutOfBoundsException -->
          <reporter-output>
          </reporter-output>
        </test-method> <!-- move_mapPin_C -->
        <test-method status="PASS" signature="appendReport(org.testng.ITestResult)[pri:0, instance:testcases.GoogleMap_TestB@6737fd8f]" name="appendReport" is-config="true" duration-ms="352" started-at="2022-03-16T17:41:55Z" finished-at="2022-03-16T17:41:55Z">
          <params>
            <param index="0">
              <value>
                <![CDATA[[TestResult name=move_mapPin_C status=FAILURE method=GoogleMap_TestB.move_mapPin_C()[pri:9, instance:testcases.GoogleMap_TestB@6737fd8f] output={null}]]]>
              </value>
            </param>
          </params>
          <reporter-output>
          </reporter-output>
        </test-method> <!-- appendReport -->
        <test-method status="PASS" signature="move_mapPin_B_third()[pri:10, instance:testcases.GoogleMap_TestB@6737fd8f]" name="move_mapPin_B_third" duration-ms="2233" started-at="2022-03-16T17:41:55Z" description="move the map pin B 3rd time" finished-at="2022-03-16T17:41:58Z">
          <reporter-output>
          </reporter-output>
        </test-method> <!-- move_mapPin_B_third -->
        <test-method status="PASS" signature="appendReport(org.testng.ITestResult)[pri:0, instance:testcases.GoogleMap_TestB@6737fd8f]" name="appendReport" is-config="true" duration-ms="355" started-at="2022-03-16T17:41:58Z" finished-at="2022-03-16T17:41:58Z">
          <params>
            <param index="0">
              <value>
                <![CDATA[[TestResult name=move_mapPin_B_third status=SUCCESS method=GoogleMap_TestB.move_mapPin_B_third()[pri:10, instance:testcases.GoogleMap_TestB@6737fd8f] output={null}]]]>
              </value>
            </param>
          </params>
          <reporter-output>
          </reporter-output>
        </test-method> <!-- appendReport -->
        <test-method status="PASS" signature="move_mapPin_C_twice()[pri:11, instance:testcases.GoogleMap_TestB@6737fd8f]" name="move_mapPin_C_twice" duration-ms="3201" started-at="2022-03-16T17:41:58Z" description="move the map pin C" finished-at="2022-03-16T17:42:01Z">
          <reporter-output>
          </reporter-output>
        </test-method> <!-- move_mapPin_C_twice -->
        <test-method status="PASS" signature="appendReport(org.testng.ITestResult)[pri:0, instance:testcases.GoogleMap_TestB@6737fd8f]" name="appendReport" is-config="true" duration-ms="352" started-at="2022-03-16T17:42:01Z" finished-at="2022-03-16T17:42:02Z">
          <params>
            <param index="0">
              <value>
                <![CDATA[[TestResult name=move_mapPin_C_twice status=SUCCESS method=GoogleMap_TestB.move_mapPin_C_twice()[pri:11, instance:testcases.GoogleMap_TestB@6737fd8f] output={null}]]]>
              </value>
            </param>
          </params>
          <reporter-output>
          </reporter-output>
        </test-method> <!-- appendReport -->
        <test-method status="PASS" signature="closeSession()[pri:0, instance:testcases.GoogleMap_TestB@6737fd8f]" name="closeSession" is-config="true" duration-ms="644" started-at="2022-03-16T17:42:02Z" finished-at="2022-03-16T17:42:02Z">
          <reporter-output>
          </reporter-output>
        </test-method> <!-- closeSession -->
      </class> <!-- testcases.GoogleMap_TestB -->
      <class name="testcases.GoogleMap_Test">
        <test-method status="PASS" signature="setupBrowser()[pri:0, instance:testcases.GoogleMap_Test@1efed156]" name="setupBrowser" is-config="true" duration-ms="5040" started-at="2022-03-16T17:41:10Z" finished-at="2022-03-16T17:41:15Z">
          <reporter-output>
          </reporter-output>
        </test-method> <!-- setupBrowser -->
        <test-method status="PASS" signature="move_mapPin_A()[pri:0, instance:testcases.GoogleMap_Test@1efed156]" name="move_mapPin_A" duration-ms="2900" started-at="2022-03-16T17:41:15Z" description="move the map pin A" finished-at="2022-03-16T17:41:18Z">
          <reporter-output>
          </reporter-output>
        </test-method> <!-- move_mapPin_A -->
        <test-method status="PASS" signature="appendReport(org.testng.ITestResult)[pri:0, instance:testcases.GoogleMap_Test@1efed156]" name="appendReport" is-config="true" duration-ms="575" started-at="2022-03-16T17:41:18Z" finished-at="2022-03-16T17:41:18Z">
          <params>
            <param index="0">
              <value>
                <![CDATA[[TestResult name=move_mapPin_A status=SUCCESS method=GoogleMap_Test.move_mapPin_A()[pri:0, instance:testcases.GoogleMap_Test@1efed156] output={null}]]]>
              </value>
            </param>
          </params>
          <reporter-output>
          </reporter-output>
        </test-method> <!-- appendReport -->
        <test-method status="PASS" signature="move_mapPin_A_twice()[pri:1, instance:testcases.GoogleMap_Test@1efed156]" name="move_mapPin_A_twice" duration-ms="2437" started-at="2022-03-16T17:41:18Z" description="move the map pin A 2nd time" finished-at="2022-03-16T17:41:21Z">
          <reporter-output>
          </reporter-output>
        </test-method> <!-- move_mapPin_A_twice -->
        <test-method status="PASS" signature="appendReport(org.testng.ITestResult)[pri:0, instance:testcases.GoogleMap_Test@1efed156]" name="appendReport" is-config="true" duration-ms="385" started-at="2022-03-16T17:41:21Z" finished-at="2022-03-16T17:41:21Z">
          <params>
            <param index="0">
              <value>
                <![CDATA[[TestResult name=move_mapPin_A_twice status=SUCCESS method=GoogleMap_Test.move_mapPin_A_twice()[pri:1, instance:testcases.GoogleMap_Test@1efed156] output={null}]]]>
              </value>
            </param>
          </params>
          <reporter-output>
          </reporter-output>
        </test-method> <!-- appendReport -->
        <test-method status="PASS" signature="move_mapPin_A_multi()[pri:2, instance:testcases.GoogleMap_Test@1efed156]" name="move_mapPin_A_multi" duration-ms="8135" started-at="2022-03-16T17:41:21Z" description="move the map pin A multiple times" finished-at="2022-03-16T17:41:29Z">
          <reporter-output>
          </reporter-output>
        </test-method> <!-- move_mapPin_A_multi -->
        <test-method status="PASS" signature="appendReport(org.testng.ITestResult)[pri:0, instance:testcases.GoogleMap_Test@1efed156]" name="appendReport" is-config="true" duration-ms="373" started-at="2022-03-16T17:41:29Z" finished-at="2022-03-16T17:41:30Z">
          <params>
            <param index="0">
              <value>
                <![CDATA[[TestResult name=move_mapPin_A_multi status=SUCCESS method=GoogleMap_Test.move_mapPin_A_multi()[pri:2, instance:testcases.GoogleMap_Test@1efed156] output={null}]]]>
              </value>
            </param>
          </params>
          <reporter-output>
          </reporter-output>
        </test-method> <!-- appendReport -->
        <test-method status="PASS" signature="move_mapPin_B()[pri:3, instance:testcases.GoogleMap_Test@1efed156]" name="move_mapPin_B" duration-ms="2152" started-at="2022-03-16T17:41:30Z" description="move the map pin B" finished-at="2022-03-16T17:41:32Z">
          <reporter-output>
          </reporter-output>
        </test-method> <!-- move_mapPin_B -->
        <test-method status="PASS" signature="appendReport(org.testng.ITestResult)[pri:0, instance:testcases.GoogleMap_Test@1efed156]" name="appendReport" is-config="true" duration-ms="405" started-at="2022-03-16T17:41:32Z" finished-at="2022-03-16T17:41:32Z">
          <params>
            <param index="0">
              <value>
                <![CDATA[[TestResult name=move_mapPin_B status=SUCCESS method=GoogleMap_Test.move_mapPin_B()[pri:3, instance:testcases.GoogleMap_Test@1efed156] output={null}]]]>
              </value>
            </param>
          </params>
          <reporter-output>
          </reporter-output>
        </test-method> <!-- appendReport -->
        <test-method status="PASS" signature="move_mapPin_B_twice()[pri:4, instance:testcases.GoogleMap_Test@1efed156]" name="move_mapPin_B_twice" duration-ms="2760" started-at="2022-03-16T17:41:32Z" description="move the map pin B" finished-at="2022-03-16T17:41:35Z">
          <reporter-output>
          </reporter-output>
        </test-method> <!-- move_mapPin_B_twice -->
        <test-method status="PASS" signature="appendReport(org.testng.ITestResult)[pri:0, instance:testcases.GoogleMap_Test@1efed156]" name="appendReport" is-config="true" duration-ms="417" started-at="2022-03-16T17:41:35Z" finished-at="2022-03-16T17:41:36Z">
          <params>
            <param index="0">
              <value>
                <![CDATA[[TestResult name=move_mapPin_B_twice status=SUCCESS method=GoogleMap_Test.move_mapPin_B_twice()[pri:4, instance:testcases.GoogleMap_Test@1efed156] output={null}]]]>
              </value>
            </param>
          </params>
          <reporter-output>
          </reporter-output>
        </test-method> <!-- appendReport -->
        <test-method status="PASS" signature="move_mapPin_C()[pri:5, instance:testcases.GoogleMap_Test@1efed156]" name="move_mapPin_C" duration-ms="3074" started-at="2022-03-16T17:41:36Z" description="move the map pin C" finished-at="2022-03-16T17:41:39Z">
          <reporter-output>
          </reporter-output>
        </test-method> <!-- move_mapPin_C -->
        <test-method status="PASS" signature="appendReport(org.testng.ITestResult)[pri:0, instance:testcases.GoogleMap_Test@1efed156]" name="appendReport" is-config="true" duration-ms="372" started-at="2022-03-16T17:41:39Z" finished-at="2022-03-16T17:41:39Z">
          <params>
            <param index="0">
              <value>
                <![CDATA[[TestResult name=move_mapPin_C status=SUCCESS method=GoogleMap_Test.move_mapPin_C()[pri:5, instance:testcases.GoogleMap_Test@1efed156] output={null}]]]>
              </value>
            </param>
          </params>
          <reporter-output>
          </reporter-output>
        </test-method> <!-- appendReport -->
        <test-method status="PASS" signature="move_mapPin_D()[pri:6, instance:testcases.GoogleMap_Test@1efed156]" name="move_mapPin_D" duration-ms="3177" started-at="2022-03-16T17:41:39Z" description="move the map pin D" finished-at="2022-03-16T17:41:42Z">
          <reporter-output>
          </reporter-output>
        </test-method> <!-- move_mapPin_D -->
        <test-method status="PASS" signature="appendReport(org.testng.ITestResult)[pri:0, instance:testcases.GoogleMap_Test@1efed156]" name="appendReport" is-config="true" duration-ms="397" started-at="2022-03-16T17:41:42Z" finished-at="2022-03-16T17:41:43Z">
          <params>
            <param index="0">
              <value>
                <![CDATA[[TestResult name=move_mapPin_D status=SUCCESS method=GoogleMap_Test.move_mapPin_D()[pri:6, instance:testcases.GoogleMap_Test@1efed156] output={null}]]]>
              </value>
            </param>
          </params>
          <reporter-output>
          </reporter-output>
        </test-method> <!-- appendReport -->
        <test-method status="PASS" signature="closeSession()[pri:0, instance:testcases.GoogleMap_Test@1efed156]" name="closeSession" is-config="true" duration-ms="652" started-at="2022-03-16T17:41:43Z" finished-at="2022-03-16T17:41:43Z">
          <reporter-output>
          </reporter-output>
        </test-method> <!-- closeSession -->
      </class> <!-- testcases.GoogleMap_Test -->
    </test> <!-- Test -->
  </suite> <!-- Suite -->
</testng-results>
